TN:
SF:controllers\user.js
FN:3,(anonymous_0)
FNF:1
FNH:1
FNDA:1,(anonymous_0)
DA:1,1
DA:3,1
DA:4,1
DA:5,1
DA:6,1
DA:7,0
DA:8,0
DA:10,1
DA:13,0
DA:14,0
LF:10
LH:6
BRDA:6,0,0,0
BRDA:6,0,1,1
BRF:2
BRH:1
end_of_record
TN:
SF:models\user.js
FN:4,(anonymous_0)
FN:40,(anonymous_1)
FNF:2
FNH:2
FNDA:1,(anonymous_0)
FNDA:1,(anonymous_1)
DA:1,2
DA:3,2
DA:5,1
DA:41,1
DA:42,1
DA:47,1
DA:52,1
LF:7
LH:7
BRF:0
BRH:0
end_of_record
TN:
SF:routes\middlewares.js
FN:4,(anonymous_0)
FN:12,(anonymous_1)
FN:20,(anonymous_2)
FN:43,(anonymous_3)
FN:51,(anonymous_4)
FNF:5
FNH:2
FNDA:2,(anonymous_0)
FNDA:2,(anonymous_1)
FNDA:0,(anonymous_2)
FNDA:0,(anonymous_3)
FNDA:0,(anonymous_4)
DA:1,1
DA:2,1
DA:4,1
DA:5,2
DA:6,1
DA:8,1
DA:12,1
DA:13,2
DA:14,1
DA:16,1
DA:20,1
DA:21,0
DA:22,0
DA:23,0
DA:25,0
DA:27,0
DA:32,0
DA:39,1
DA:44,0
DA:51,1
DA:52,0
LF:21
LH:13
BRDA:5,0,0,1
BRDA:5,0,1,1
BRDA:13,1,0,1
BRDA:13,1,1,1
BRDA:25,2,0,0
BRDA:25,2,1,0
BRF:6
BRH:4
end_of_record
